<?xml version="1.0" encoding="UTF-8"?>
<testng-results skipped="0" failed="0" total="1" passed="1">
  <reporter-output>
  </reporter-output>
  <suite name="TestNGSeleniumSuite" duration-ms="4385" started-at="2016-10-31T12:23:04Z" finished-at="2016-10-31T12:23:09Z">
    <groups>
    </groups>
    <test name="TestNGSelenium" duration-ms="4385" started-at="2016-10-31T12:23:04Z" finished-at="2016-10-31T12:23:09Z">
      <class name="com.techM.TestNGSeleniumSimpleSearchExample">
        <test-method status="PASS" signature="initDriver()[pri:0, instance:com.techM.TestNGSeleniumSimpleSearchExample@482f8f11]" name="initDriver" is-config="true" duration-ms="4512" started-at="2016-10-31T17:53:00Z" finished-at="2016-10-31T17:53:04Z">
          <reporter-output>
          </reporter-output>
        </test-method> <!-- initDriver -->
        <test-method status="PASS" signature="searchTestNGInGoogle()[pri:0, instance:com.techM.TestNGSeleniumSimpleSearchExample@482f8f11]" name="searchTestNGInGoogle" duration-ms="4368" started-at="2016-10-31T17:53:04Z" finished-at="2016-10-31T17:53:09Z">
          <reporter-output>
          </reporter-output>
        </test-method> <!-- searchTestNGInGoogle -->
        <test-method status="PASS" signature="quitDriver()[pri:0, instance:com.techM.TestNGSeleniumSimpleSearchExample@482f8f11]" name="quitDriver" is-config="true" duration-ms="607" started-at="2016-10-31T17:53:09Z" finished-at="2016-10-31T17:53:09Z">
          <reporter-output>
          </reporter-output>
        </test-method> <!-- quitDriver -->
      </class> <!-- com.techM.TestNGSeleniumSimpleSearchExample -->
    </test> <!-- TestNGSelenium -->
  </suite> <!-- TestNGSeleniumSuite -->
</testng-results>
